{"name": "执行完整的示教流程：初始化 -> 加载模型 -> 启动控制 -> 示教", "status": "failed", "statusDetails": {"message": "AssertionError: 控制器启动失败 (Controller failed to start)\nassert False is True", "trace": "self = <test_amteaching.TestAmTeaching object at 0x000001A4A9C13670>, ws_client = <Connection.websocket_client.WSClient object at 0x000001A4A9C13A60>\n\n    @allure.story(\"Complete Teaching Process\")\n    @allure.title(\"执行完整的示教流程：初始化 -> 加载模型 -> 启动控制 -> 示教\")\n    def test_full_teaching_workflow(self, ws_client):\n        \"\"\"\n        完整流程测试：\n        1. 系统初始化\n        2. 加载模型\n        3. 启动控制器\n        4. 执行示教动作并生成ARL程序\n        \"\"\"\n    \n        with allure.step(\"1. 系统初始化 (Init Chain)\"):\n            logger.info(\"Step 1: Initialization\")\n            ws_init_chain(ws_client)\n    \n        with allure.step(\"2. 加载模型 (Load Model)\"):\n            logger.info(\"Step 2: Load Model\")\n            load_model_instance = LoadModel(ws_client=ws_client)\n            load_model_instance.ws_loadmodel_chain()\n            # 可以在这里添加断言，例如检查 load_model_instance.loadObj_id 是否存在\n            # assert load_model_instance.loadObj_id is not None, \"Model load failed, ID is None\"\n    \n        with allure.step(\"3. 开启使能 (Start Controller)\"):\n            logger.info(\"Step 3: Start Control\")\n            started = ws_amStart_chain(ws_client)\n>           assert started is True, \"控制器启动失败 (Controller failed to start)\"\nE           AssertionError: 控制器启动失败 (Controller failed to start)\nE           assert False is True\n\ntests\\test_amteaching.py:37: AssertionError"}, "description": "\n        完整流程测试：\n        1. 系统初始化\n        2. 加载模型\n        3. 启动控制器\n        4. 执行示教动作并生成ARL程序\n        ", "steps": [{"name": "1. 系统初始化 (Init Chain)", "status": "passed", "start": 1766216188889, "stop": 1766216194001}, {"name": "2. 加载模型 (Load Model)", "status": "passed", "start": 1766216194001, "stop": 1766216199085}, {"name": "3. 开启使能 (Start Controller)", "status": "failed", "statusDetails": {"message": "AssertionError: 控制器启动失败 (Controller failed to start)\nassert False is True\n", "trace": "  File \"D:\\AE_PythonProject\\auto_Interface\\tests\\test_amteaching.py\", line 37, in test_full_teaching_workflow\n    assert started is True, \"控制器启动失败 (Controller failed to start)\"\n"}, "start": 1766216199085, "stop": 1766216199155}], "attachments": [{"name": "log", "source": "a3c559a0-2367-49c6-9da6-924bddc7c191-attachment.txt", "type": "text/plain"}], "start": 1766216188889, "stop": 1766216199156, "uuid": "e060122a-ede9-4405-9a37-f31d00d6b399", "historyId": "eca873e6c82e53fbde3b8dedcaac3549", "testCaseId": "c8658846acfe5dd8006454dd21bf0067", "fullName": "tests.test_amteaching.TestAmTeaching#test_full_teaching_workflow", "labels": [{"name": "feature", "value": "Create Program By Teaching"}, {"name": "story", "value": "Complete Teaching Process"}, {"name": "parentSuite", "value": "tests"}, {"name": "suite", "value": "test_amteaching"}, {"name": "subSuite", "value": "TestAmTeaching"}, {"name": "host", "value": "AE-CSC-250616"}, {"name": "thread", "value": "3432-MainThread"}, {"name": "framework", "value": "pytest"}, {"name": "language", "value": "cpython3"}, {"name": "package", "value": "tests.test_amteaching"}]}